<?xml version="1.0" encoding="UTF-8"?>
<testsuite xmlns:xsi="http://www.w3.org/2001/XMLSchema-instance" xsi:noNamespaceSchemaLocation="https://maven.apache.org/surefire/maven-surefire-plugin/xsd/surefire-test-report.xsd" name="project.start.AppTest" time="0.028" tests="1" errors="0" skipped="0" failures="0">
  <properties>
    <property name="java.specification.version" value="22"/>
    <property name="sun.cpu.isalist" value="amd64"/>
    <property name="sun.jnu.encoding" value="GBK"/>
    <property name="java.class.path" value="C:\Cstan\TARUMT Course\DIPLOMA IN INFORMATION TECHNOLOGY\YEAR2\Y2S1\Object Oriented Programming\Java-Assignment\inventorysystem\target\test-classes;C:\Cstan\TARUMT Course\DIPLOMA IN INFORMATION TECHNOLOGY\YEAR2\Y2S1\Object Oriented Programming\Java-Assignment\inventorysystem\target\classes;C:\Users\PREDATOR\.m2\repository\com\itextpdf\tool\xmlworker\5.5.13.4\xmlworker-5.5.13.4.jar;C:\Users\PREDATOR\.m2\repository\com\itextpdf\itextpdf\5.5.13.4\itextpdf-5.5.13.4.jar;C:\Users\PREDATOR\.m2\repository\com\github\librepdf\openpdf\1.2.19\openpdf-1.2.19.jar;C:\Users\PREDATOR\.m2\repository\com\github\albfernandez\juniversalchardet\2.3.0\juniversalchardet-2.3.0.jar;C:\Users\PREDATOR\.m2\repository\io\vlinx\mailsender\1.0.0\mailsender-1.0.0.jar;C:\Users\PREDATOR\.m2\repository\com\sun\mail\javax.mail\1.6.2\javax.mail-1.6.2.jar;C:\Users\PREDATOR\.m2\repository\javax\activation\activation\1.1\activation-1.1.jar;C:\Users\PREDATOR\.m2\repository\org\webjars\npm\pbkdf2\3.1.2\pbkdf2-3.1.2.jar;C:\Users\PREDATOR\.m2\repository\org\webjars\npm\safe-buffer\5.2.1\safe-buffer-5.2.1.jar;C:\Users\PREDATOR\.m2\repository\org\webjars\npm\create-hash\1.2.0\create-hash-1.2.0.jar;C:\Users\PREDATOR\.m2\repository\org\webjars\npm\md5.js\1.3.5\md5.js-1.3.5.jar;C:\Users\PREDATOR\.m2\repository\org\webjars\npm\inherits\2.0.4\inherits-2.0.4.jar;C:\Users\PREDATOR\.m2\repository\org\webjars\npm\cipher-base\1.0.4\cipher-base-1.0.4.jar;C:\Users\PREDATOR\.m2\repository\org\webjars\npm\create-hmac\1.1.7\create-hmac-1.1.7.jar;C:\Users\PREDATOR\.m2\repository\org\webjars\npm\sha.js\2.4.11\sha.js-2.4.11.jar;C:\Users\PREDATOR\.m2\repository\org\webjars\npm\ripemd160\2.0.2\ripemd160-2.0.2.jar;C:\Users\PREDATOR\.m2\repository\org\webjars\npm\hash-base\3.1.0\hash-base-3.1.0.jar;C:\Users\PREDATOR\.m2\repository\org\webjars\npm\readable-stream\3.6.2\readable-stream-3.6.2.jar;C:\Users\PREDATOR\.m2\repository\org\webjars\npm\string_decoder\1.3.0\string_decoder-1.3.0.jar;C:\Users\PREDATOR\.m2\repository\org\webjars\npm\util-deprecate\1.0.2\util-deprecate-1.0.2.jar;C:\Users\PREDATOR\.m2\repository\com\mysql\mysql-connector-j\8.0.33\mysql-connector-j-8.0.33.jar;C:\Users\PREDATOR\.m2\repository\com\google\protobuf\protobuf-java\3.21.9\protobuf-java-3.21.9.jar;C:\Users\PREDATOR\.m2\repository\junit\junit\4.11\junit-4.11.jar;C:\Users\PREDATOR\.m2\repository\org\hamcrest\hamcrest-core\1.3\hamcrest-core-1.3.jar;"/>
    <property name="java.vm.vendor" value="Oracle Corporation"/>
    <property name="sun.arch.data.model" value="64"/>
    <property name="user.variant" value=""/>
    <property name="java.vendor.url" value="https://java.oracle.com/"/>
    <property name="user.timezone" value="Asia/Makassar"/>
    <property name="os.name" value="Windows 11"/>
    <property name="java.vm.specification.version" value="22"/>
    <property name="user.country" value="ID"/>
    <property name="sun.java.launcher" value="SUN_STANDARD"/>
    <property name="sun.boot.library.path" value="C:\Program Files\Java\jdk-22\bin"/>
    <property name="sun.java.command" value="C:\Users\PREDATOR\AppData\Local\Temp\surefire17412848661398694510\surefirebooter14248528250626772612.jar C:\Users\PREDATOR\AppData\Local\Temp\surefire17412848661398694510 2024-09-11T22-37-41_768-jvmRun1 surefire15294807192537075855tmp surefire_015359278930154224684tmp"/>
    <property name="jdk.debug" value="release"/>
    <property name="test" value="project.start.AppTest"/>
    <property name="surefire.test.class.path" value="C:\Cstan\TARUMT Course\DIPLOMA IN INFORMATION TECHNOLOGY\YEAR2\Y2S1\Object Oriented Programming\Java-Assignment\inventorysystem\target\test-classes;C:\Cstan\TARUMT Course\DIPLOMA IN INFORMATION TECHNOLOGY\YEAR2\Y2S1\Object Oriented Programming\Java-Assignment\inventorysystem\target\classes;C:\Users\PREDATOR\.m2\repository\com\itextpdf\tool\xmlworker\5.5.13.4\xmlworker-5.5.13.4.jar;C:\Users\PREDATOR\.m2\repository\com\itextpdf\itextpdf\5.5.13.4\itextpdf-5.5.13.4.jar;C:\Users\PREDATOR\.m2\repository\com\github\librepdf\openpdf\1.2.19\openpdf-1.2.19.jar;C:\Users\PREDATOR\.m2\repository\com\github\albfernandez\juniversalchardet\2.3.0\juniversalchardet-2.3.0.jar;C:\Users\PREDATOR\.m2\repository\io\vlinx\mailsender\1.0.0\mailsender-1.0.0.jar;C:\Users\PREDATOR\.m2\repository\com\sun\mail\javax.mail\1.6.2\javax.mail-1.6.2.jar;C:\Users\PREDATOR\.m2\repository\javax\activation\activation\1.1\activation-1.1.jar;C:\Users\PREDATOR\.m2\repository\org\webjars\npm\pbkdf2\3.1.2\pbkdf2-3.1.2.jar;C:\Users\PREDATOR\.m2\repository\org\webjars\npm\safe-buffer\5.2.1\safe-buffer-5.2.1.jar;C:\Users\PREDATOR\.m2\repository\org\webjars\npm\create-hash\1.2.0\create-hash-1.2.0.jar;C:\Users\PREDATOR\.m2\repository\org\webjars\npm\md5.js\1.3.5\md5.js-1.3.5.jar;C:\Users\PREDATOR\.m2\repository\org\webjars\npm\inherits\2.0.4\inherits-2.0.4.jar;C:\Users\PREDATOR\.m2\repository\org\webjars\npm\cipher-base\1.0.4\cipher-base-1.0.4.jar;C:\Users\PREDATOR\.m2\repository\org\webjars\npm\create-hmac\1.1.7\create-hmac-1.1.7.jar;C:\Users\PREDATOR\.m2\repository\org\webjars\npm\sha.js\2.4.11\sha.js-2.4.11.jar;C:\Users\PREDATOR\.m2\repository\org\webjars\npm\ripemd160\2.0.2\ripemd160-2.0.2.jar;C:\Users\PREDATOR\.m2\repository\org\webjars\npm\hash-base\3.1.0\hash-base-3.1.0.jar;C:\Users\PREDATOR\.m2\repository\org\webjars\npm\readable-stream\3.6.2\readable-stream-3.6.2.jar;C:\Users\PREDATOR\.m2\repository\org\webjars\npm\string_decoder\1.3.0\string_decoder-1.3.0.jar;C:\Users\PREDATOR\.m2\repository\org\webjars\npm\util-deprecate\1.0.2\util-deprecate-1.0.2.jar;C:\Users\PREDATOR\.m2\repository\com\mysql\mysql-connector-j\8.0.33\mysql-connector-j-8.0.33.jar;C:\Users\PREDATOR\.m2\repository\com\google\protobuf\protobuf-java\3.21.9\protobuf-java-3.21.9.jar;C:\Users\PREDATOR\.m2\repository\junit\junit\4.11\junit-4.11.jar;C:\Users\PREDATOR\.m2\repository\org\hamcrest\hamcrest-core\1.3\hamcrest-core-1.3.jar;"/>
    <property name="sun.cpu.endian" value="little"/>
    <property name="user.home" value="C:\Users\PREDATOR"/>
    <property name="user.language" value="en"/>
    <property name="java.specification.vendor" value="Oracle Corporation"/>
    <property name="java.version.date" value="2024-04-16"/>
    <property name="java.home" value="C:\Program Files\Java\jdk-22"/>
    <property name="file.separator" value="\"/>
    <property name="basedir" value="C:\Cstan\TARUMT Course\DIPLOMA IN INFORMATION TECHNOLOGY\YEAR2\Y2S1\Object Oriented Programming\Java-Assignment\inventorysystem"/>
    <property name="java.vm.compressedOopsMode" value="Zero based"/>
    <property name="line.separator" value="&#10;"/>
    <property name="java.vm.specification.vendor" value="Oracle Corporation"/>
    <property name="java.specification.name" value="Java Platform API Specification"/>
    <property name="surefire.real.class.path" value="C:\Users\PREDATOR\AppData\Local\Temp\surefire17412848661398694510\surefirebooter14248528250626772612.jar"/>
    <property name="user.script" value=""/>
    <property name="sun.management.compiler" value="HotSpot 64-Bit Tiered Compilers"/>
    <property name="java.runtime.version" value="22.0.1+8-16"/>
    <property name="user.name" value="PREDATOR"/>
    <property name="stdout.encoding" value="GBK"/>
    <property name="path.separator" value=";"/>
    <property name="os.version" value="10.0"/>
    <property name="java.runtime.name" value="Java(TM) SE Runtime Environment"/>
    <property name="file.encoding" value="UTF-8"/>
    <property name="java.vm.name" value="Java HotSpot(TM) 64-Bit Server VM"/>
    <property name="maven.ext.class.path" value="C:\Users\PREDATOR\.vscode\extensions\oracle.oracle-java-22.1.2\nbcode\java\maven-nblib\netbeans-eventspy.jar"/>
    <property name="localRepository" value="C:\Users\PREDATOR\.m2\repository"/>
    <property name="java.vendor.url.bug" value="https://bugreport.java.com/bugreport/"/>
    <property name="java.io.tmpdir" value="C:\Users\PREDATOR\AppData\Local\Temp\"/>
    <property name="java.version" value="22.0.1"/>
    <property name="user.dir" value="C:\Cstan\TARUMT Course\DIPLOMA IN INFORMATION TECHNOLOGY\YEAR2\Y2S1\Object Oriented Programming\Java-Assignment\inventorysystem"/>
    <property name="os.arch" value="amd64"/>
    <property name="java.vm.specification.name" value="Java Virtual Machine Specification"/>
    <property name="sun.os.patch.level" value=""/>
    <property name="native.encoding" value="GBK"/>
    <property name="java.library.path" value="C:\Program Files\Java\jdk-22\bin;C:\Windows\Sun\Java\bin;C:\Windows\system32;C:\Windows;C:\Program Files (x86)\Razer\ChromaBroadcast\bin;C:\Program Files\Razer\ChromaBroadcast\bin;C:\Program Files\Common Files\Oracle\Java\javapath;C:\Program Files (x86)\NVIDIA Corporation\PhysX\Common;C:\oraclexe\app\oracle\product\11.2.0\server\bin;C:\Program Files\Microsoft\jdk-11.0.16.101-hotspot\bin;C:\ProgramData\Oracle\Java\javapath;C:\Windows\system32;C:\Windows;C:\Windows\System32\Wbem;C:\Windows\System32\WindowsPowerShell\v1.0\;C:\Windows\System32\OpenSSH\;C:\Program Files\NVIDIA Corporation\NVIDIA NvDLISR;C:\Program Files\MySQL\MySQL Server 8.0\bin;C:\Program Files\Microsoft SQL Server\150\Tools\Binn\;C:\Program Files\Microsoft SQL Server\Client SDK\ODBC\170\Tools\Binn\;C:\Program Files\dotnet\;C:\Program Files (x86)\Microsoft SQL Server\160\DTS\Binn\;C:\Program Files\Azure Data Studio\bin;C:\Program Files\Git\cmd;C:\Program Files\apache-maven-3.9.8\bin;C:\Windows\system32\config\systemprofile\AppData\Local\Microsoft\WindowsApps;C:\Users\PREDATOR\AppData\Local\Programs\Python\Python312\Scripts\;C:\Users\PREDATOR\AppData\Local\Programs\Python\Python312\;C:\Program Files\MySQL\MySQL Shell 8.0\bin\;C:\Users\PREDATOR\AppData\Local\Microsoft\WindowsApps;C:\Users\PREDATOR\AppData\Local\Programs\Microsoft VS Code\bin;C:\Users\PREDATOR\.dotnet\tools;C:\ProgramData\PREDATOR\gitkraken\bin;C:\Users\PREDATOR\.dotnet\tools;C:\Users\PREDATOR\AppData\Local\gitkraken\bin;C:\Users\PREDATOR\.dotnet\tools;C:\Program Files\Azure Data Studio\bin;."/>
    <property name="java.vm.info" value="mixed mode, sharing"/>
    <property name="stderr.encoding" value="GBK"/>
    <property name="java.vendor" value="Oracle Corporation"/>
    <property name="java.vm.version" value="22.0.1+8-16"/>
    <property name="sun.io.unicode.encoding" value="UnicodeLittle"/>
    <property name="java.class.version" value="66.0"/>
  </properties>
  <testcase name="shouldAnswerWithTrue" classname="project.start.AppTest" time="0.003"/>
</testsuite>